<?xml version="1.0" encoding="UTF-8"?>
<!-- Generated by org.testng.reporters.JUnitReportReporter -->
<testsuite skipped="0" hostname="Anujs-MacBook-Air.local" name="com.tomtom.tests.BasePageTest" tests="2" failures="0" timestamp="2020-01-04T17:20:26 CET" time="4.890" errors="0">
  <testcase name="clickSignInButton" time="4.880" classname="com.tomtom.tests.BasePageTest"/>
  <testcase name="verifyHomePage" time="0.010" classname="com.tomtom.tests.BasePageTest"/>
</testsuite> <!-- com.tomtom.tests.BasePageTest -->
