<?xml version="1.0" encoding="UTF-8"?>
<!-- Generated by org.testng.reporters.JUnitReportReporter -->
<testsuite skipped="0" hostname="Anujs-MacBook-Air.local" name="com.tomtom.tests.RegistrationPageTest" tests="2" failures="0" timestamp="2020-01-04T17:20:26 CET" time="58.579" errors="0">
  <testcase name="registrationToHema" time="35.911" classname="com.tomtom.tests.RegistrationPageTest"/>
  <testcase name="OpenRegistrationPage" time="22.668" classname="com.tomtom.tests.RegistrationPageTest"/>
</testsuite> <!-- com.tomtom.tests.RegistrationPageTest -->
