<?xml version="1.0" encoding="UTF-8"?>
<!-- Generated by org.testng.reporters.JUnitReportReporter -->
<testsuite skipped="0" hostname="Anujs-MacBook-Air.local" name="com.tomtom.tests.RegistrationTest" tests="2" failures="0" timestamp="2020-01-04T03:07:28 CET" time="47.668" errors="0">
  <testcase name="OpenRegistrationPage" time="12.272" classname="com.tomtom.tests.RegistrationTest"/>
  <testcase name="registrationToHema" time="35.396" classname="com.tomtom.tests.RegistrationTest"/>
</testsuite> <!-- com.tomtom.tests.RegistrationTest -->
