<?xml version="1.0" encoding="UTF-8"?>
<!-- Generated by org.testng.reporters.JUnitReportReporter -->
<testsuite skipped="0" hostname="Anujs-MacBook-Air.local" name="com.tomtom.tests.AddToCartPageTest" tests="2" failures="0" timestamp="2020-01-04T19:09:11 CET" time="38.542" errors="0">
  <testcase name="verifySignIn" time="23.289" classname="com.tomtom.tests.AddToCartPageTest"/>
  <testcase name="addItemsToCart" time="15.253" classname="com.tomtom.tests.AddToCartPageTest"/>
</testsuite> <!-- com.tomtom.tests.AddToCartPageTest -->
