<?xml version="1.0" encoding="UTF-8"?>
<!-- Generated by org.testng.reporters.JUnitReportReporter -->
<testsuite skipped="0" hostname="Anujs-MacBook-Air.local" name="com.tomtom.tests.SignOutPageTest" tests="2" failures="0" timestamp="2020-01-04T19:09:11 CET" time="43.472" errors="0">
  <testcase name="verifySignInFunction" time="24.506" classname="com.tomtom.tests.SignOutPageTest"/>
  <testcase name="verifySignOutFunction" time="18.966" classname="com.tomtom.tests.SignOutPageTest"/>
</testsuite> <!-- com.tomtom.tests.SignOutPageTest -->
